  fastlz.c
  ChunkyTriMesh.cpp
  ConvexVolumeTool.cpp
  CrowdTool.cpp
  Filelist.cpp
  InputGeom.cpp
  MeshLoaderObj.cpp
  NavMeshPruneTool.cpp
  NavMeshTesterTool.cpp
  OffMeshConnectionTool.cpp
  PerfTimer.cpp
  Sample.cpp
  SampleInterfaces.cpp
  Sample_Debug.cpp
  Sample_SoloMesh.cpp
  Sample_TempObstacles.cpp
  Sample_TileMesh.cpp
  TestCase.cpp
  ValueHistory.cpp
  imgui.cpp
  imguiRenderGL.cpp
  正在生成代码...
  正在编译...
  main.cpp
  正在生成代码...
  RecastDemo.vcxproj -> C:\Dream\recastnavigation\RecastDemo\Bin\RecastDemo.exe
